[debug] [2026-02-03T11:01:42.639Z] : 
[debug] [2026-02-03T11:01:42.640Z] : ----------------------------------------------------------------------
[debug] [2026-02-03T11:01:42.640Z] : Command:      /home/hari-zstk415/.nvm/versions/node/v20.19.6/bin/node /home/hari-zstk415/.nvm/versions/node/v20.19.6/bin/catalyst serve
[debug] [2026-02-03T11:01:42.640Z] : CLI Version:  1.23.0
[debug] [2026-02-03T11:01:42.640Z] : Platform:     linux
[debug] [2026-02-03T11:01:42.641Z] : Node Version: v20.19.6
[debug] [2026-02-03T11:01:42.641Z] : Time:         Tue Feb 03 2026 16:31:42 GMT+0530 (India Standard Time)
[debug] [2026-02-03T11:01:42.641Z] : ----------------------------------------------------------------------
[debug] [2026-02-03T11:01:42.641Z] : 
[debug] [2026-02-03T11:01:42.865Z] : > authorizing via signed-in user option
[debug] [2026-02-03T11:01:42.865Z] : > command requires scopes: ["ZohoCatalyst.projects.ALL","ZohoCatalyst.apigateway.apis.READ","ZohoCatalyst.apigateway.READ","ZohoCatalyst.segments.ALL","ZohoCatalyst.cache.READ","ZohoCatalyst.cache.CREATE","ZohoCatalyst.cache.DELETE","ZohoCatalyst.projects.ALL","ZohoCatalyst.cron.ALL","ZohoCatalyst.zcql.CREATE","ZohoCatalyst.projects.users.READ","ZohoCatalyst.projects.users.CREATE","ZohoCatalyst.projects.users.DELETE","ZohoCatalyst.projects.users.UPDATE","ZohoCatalyst.authentication.CREATE","ZohoCatalyst.email.CREATE","ZohoCatalyst.tables.ALL","ZohoCatalyst.tables.rows.ALL","ZohoCatalyst.tables.columns.ALL","ZohoCatalyst.tables.bulk.CREATE","ZohoCatalyst.tables.bulk.READ","ZohoCatalyst.folders.ALL","ZohoCatalyst.files.CREATE","ZohoCatalyst.files.READ","ZohoCatalyst.files.DELETE","ZohoCatalyst.functions.ALL","ZohoCatalyst.functions.EXECUTE","ZohoCatalyst.eventlistners.ALL","ZohoCatalyst.eventlisteners.produce","ZohoCatalyst.security.rules.Read","ZohoCatalyst.security.rules.Update","ZohoCatalyst.notifications.mobile","ZohoCatalyst.notifications.web","ZohoCatalyst.search.READ","ZohoCatalyst.mlkit.READ","QuickML.deployment.READ","ZohoCatalyst.pdfshot.execute","ZohoCatalyst.circuits.execution.DELETE","ZohoCatalyst.circuits.execution.READ","ZohoCatalyst.circuits.execute","ZohoCatalyst.appsail.Read","ZohoCatalyst.jobpool.READ","ZohoCatalyst.job.ALL","ZohoCatalyst.nosql.READ","ZohoCatalyst.nosql.rows.ALL"]
[debug] [2026-02-03T11:01:42.873Z] : >>>> HTTP REQUEST : GET https://api.catalyst.zoho.in/baas/v1/project/30268000000011113 

[debug] [2026-02-03T11:01:43.040Z] : <<<< HTTP RESPONSE : 200
Response Headers: {"server":"ZGS","date":"Tue, 03 Feb 2026 11:01:18 GMT","content-type":"application/vnd.catalyst.v2+json","transfer-encoding":"chunked","connection":"keep-alive","x-content-type-options":"nosniff","cache-control":"private,no-cache,no-store,max-age=0,must-revalidate","pragma":"no-cache","expires":"Thu, 01 Jan 1970 00:00:00 GMT","x-frame-options":"DENY","strict-transport-security":"max-age=64072000; includeSubDomains; preload"}

[debug] [2026-02-03T11:01:43.048Z] : >>>> HTTP REQUEST : GET https://api.catalyst.zoho.in/baas/v1/project/30268000000011113/environment 

[debug] [2026-02-03T11:01:43.098Z] : <<<< HTTP RESPONSE : 200
Response Headers: {"server":"ZGS","date":"Tue, 03 Feb 2026 11:01:18 GMT","content-type":"application/vnd.catalyst.v2+json","transfer-encoding":"chunked","connection":"keep-alive","x-content-type-options":"nosniff","cache-control":"private,no-cache,no-store,max-age=0,must-revalidate","pragma":"no-cache","expires":"Thu, 01 Jan 1970 00:00:00 GMT","x-frame-options":"DENY","strict-transport-security":"max-age=64072000; includeSubDomains; preload"}

[debug] [2026-02-03T11:01:43.167Z] : http port : '3000' is not available. Hence port '3007' will be used instead.
[debug] [2026-02-03T11:01:43.170Z] : >>>> HTTP REQUEST : GET https://api.catalyst.zoho.in/baas/get-details 
Query params: {"feature_name":"runtime"}

[debug] [2026-02-03T11:01:43.214Z] : <<<< HTTP RESPONSE : 200
Response Headers: {"server":"ZGS","date":"Tue, 03 Feb 2026 11:01:18 GMT","content-type":"application/vnd.catalyst.v2+json","transfer-encoding":"chunked","connection":"keep-alive","x-content-type-options":"nosniff","cache-control":"private,no-cache,no-store,max-age=0,must-revalidate","pragma":"no-cache","expires":"Thu, 01 Jan 1970 00:00:00 GMT","x-frame-options":"DENY","strict-transport-security":"max-age=64072000; includeSubDomains; preload"}

[debug] [2026-02-03T11:01:43.219Z] : >>>> HTTP REQUEST : GET https://api.catalyst.zoho.in/baas/v1/project/30268000000011113/function 
Query params: {"type":"basicio,event,cron,applogic,integration,browser_logic,job"}

[debug] [2026-02-03T11:01:43.269Z] : <<<< HTTP RESPONSE : 200
Response Headers: {"server":"ZGS","date":"Tue, 03 Feb 2026 11:01:18 GMT","content-type":"application/vnd.catalyst.v2+json","transfer-encoding":"chunked","connection":"keep-alive","x-content-type-options":"nosniff","cache-control":"private,no-cache,no-store,max-age=0,must-revalidate","pragma":"no-cache","expires":"Thu, 01 Jan 1970 00:00:00 GMT","x-frame-options":"DENY","strict-transport-security":"max-age=64072000; includeSubDomains; preload"}

[debug] [2026-02-03T11:01:43.274Z] : unknown eol undefined hence skipping check
[debug] [2026-02-03T11:01:43.275Z] : unknown eol undefined hence skipping check
[debug] [2026-02-03T11:01:43.370Z] : http port : '4000' is not available. Hence port '4007' will be used instead.
[warn] [2026-02-03T11:01:43.382Z] : ⚠ skipping serve of function [onna-paarkalam] since the function directory(/home/hari-zstk415/Onna-paarkalam/functions/onna-paarkalam) does not exist
[debug] [2026-02-03T11:01:43.426Z] : http port : '5000' is not available. Hence port '5007' will be used instead.
[info] [2026-02-03T11:01:44.136Z] : [react-plugin]: Starting the development server...

[info] [2026-02-03T11:01:44.137Z] : 
[info] [2026-02-03T11:01:44.137Z] : ℹ Client[react-app]: Plugin : "zcatalyst-cli-plugin-react" is used for client serve
[info] [2026-02-03T11:01:44.137Z] : 
[info] [2026-02-03T11:01:44.489Z] : Skipping API Gateway rules
[info] [2026-02-03T11:01:44.492Z] : 
[info] [2026-02-03T11:01:44.493Z] :  >>>>>>>>>>>>> Advanced I/O <<<<<<<<<<< 
[info] [2026-02-03T11:01:44.493Z] : ℹ auth   : http://localhost:3007/server/auth/
[info] [2026-02-03T11:01:44.493Z] : ℹ friends: http://localhost:3007/server/friends/
[info] [2026-02-03T11:01:44.493Z] : 
[info] [2026-02-03T11:01:44.493Z] : 
[info] [2026-02-03T11:01:44.493Z] :  >>>>>>>>>>>>> Web Client <<<<<<<<<<<<
[info] [2026-02-03T11:01:44.493Z] : ℹ client[react-app]: http://localhost:3007/app/
[info] [2026-02-03T11:01:44.493Z] : 
[info] [2026-02-03T11:01:44.687Z] : [1770116504687]  "GET"  "/app/"
[info] [2026-02-03T11:01:44.949Z] : [react-plugin]: Compiled successfully!
[info] [2026-02-03T11:01:44.949Z] : [react-plugin]: 
[info] [2026-02-03T11:01:44.950Z] : [react-plugin]: You can now view react-app in the browser.
[info] [2026-02-03T11:01:44.950Z] : [react-plugin]: 
[info] [2026-02-03T11:01:44.950Z] : [react-plugin]:   Local:            http://localhost:3007/app/
[info] [2026-02-03T11:01:44.950Z] : [react-plugin]:   On Your Network:  http://10.89.48.203:3007/app/
[info] [2026-02-03T11:01:44.950Z] : [react-plugin]: 
[info] [2026-02-03T11:01:44.950Z] : [react-plugin]: Note that the development build is not optimized.
[info] [2026-02-03T11:01:44.950Z] : [react-plugin]: To create a production build, use npm run build.
[info] [2026-02-03T11:01:44.950Z] : [react-plugin]: 
[info] [2026-02-03T11:01:45.056Z] : [1770116505055]  "GET"  "/src/index.js"
[info] [2026-02-03T11:01:45.067Z] : [1770116505067]  "GET"  "/app/static/js/bundle.js"
[info] [2026-02-03T11:01:45.196Z] : [1770116505196]  "GET"  "/app/static/media/image.051128df86c06214873e.png"
[info] [2026-02-03T11:01:45.233Z] : [1770116505233]  "GET"  "/app/static/media/logo.8624afdae922a59af700.png"
[info] [2026-02-03T11:01:45.234Z] : [1770116505234]  "GET"  "/app/static/media/KGF.79f5929d0fd1b7232f51.png"
[info] [2026-02-03T11:01:45.236Z] : [1770116505236]  "GET"  "/app/static/media/Avenger.a7f90d1ff7e8efbd0018.png"
[info] [2026-02-03T11:01:45.240Z] : [1770116505240]  "GET"  "/app/static/media/SpiderMan.df7b7c02aa8d2a0579e1.png"
[info] [2026-02-03T11:01:45.244Z] : [1770116505244]  "GET"  "/app/static/media/Tmovie1.9f5fcd656c9cfc693e2c.png"
[info] [2026-02-03T11:01:45.259Z] : [1770116505259]  "GET"  "/app/static/media/Thunivu.ef01016d556c09bc315b.png"
[info] [2026-02-03T11:01:45.264Z] : [1770116505264]  "GET"  "/app/static/media/Master.2ed584040ec1b289174f.png"
[info] [2026-02-03T11:01:45.946Z] : [1770116505946]  "GET"  "/app/src/assets/logo.png"
[info] [2026-02-03T11:02:32.861Z] : [react-plugin]: Compiling...
[info] [2026-02-03T11:02:34.210Z] : [react-plugin]: Compiled successfully!
[info] [2026-02-03T11:02:34.210Z] : [react-plugin]: 
[info] [2026-02-03T11:02:34.210Z] : [react-plugin]: You can now view react-app in the browser.
[info] [2026-02-03T11:02:34.210Z] : [react-plugin]: 
[info] [2026-02-03T11:02:34.210Z] : [react-plugin]:   Local:            http://localhost:3007/app/
[info] [2026-02-03T11:02:34.210Z] : [react-plugin]:   On Your Network:  http://10.89.48.203:3007/app/
[info] [2026-02-03T11:02:34.210Z] : [react-plugin]: 
[info] [2026-02-03T11:02:34.210Z] : [react-plugin]: Note that the development build is not optimized.
[info] [2026-02-03T11:02:34.211Z] : [react-plugin]: To create a production build, use npm run build.
[info] [2026-02-03T11:02:34.211Z] : [react-plugin]: 
[info] [2026-02-03T11:02:34.232Z] : [1770116554231]  "GET"  "/app/main.09bef5c31d772340ea03.hot-update.json"
[info] [2026-02-03T11:02:34.233Z] : [1770116554233]  "GET"  "/signIn"
[info] [2026-02-03T11:02:34.242Z] : [1770116554242]  "GET"  "/app/main.09bef5c31d772340ea03.hot-update.js"
[info] [2026-02-03T11:02:36.597Z] : [1770116556596]  "GET"  "/"
[info] [2026-02-03T11:02:36.602Z] : [1770116556602]  "GET"  "/app/"
[info] [2026-02-03T11:02:36.629Z] : [1770116556629]  "GET"  "/src/index.js"
[info] [2026-02-03T11:02:36.632Z] : [1770116556632]  "GET"  "/app/static/js/bundle.js"
[info] [2026-02-03T11:02:36.740Z] : [1770116556740]  "GET"  "/app/static/media/image.051128df86c06214873e.png"
[info] [2026-02-03T11:02:36.768Z] : [1770116556768]  "GET"  "/app/static/media/logo.8624afdae922a59af700.png"
[info] [2026-02-03T11:02:36.770Z] : [1770116556770]  "GET"  "/app/static/media/Avenger.a7f90d1ff7e8efbd0018.png"
[info] [2026-02-03T11:02:36.771Z] : [1770116556771]  "GET"  "/app/static/media/SpiderMan.df7b7c02aa8d2a0579e1.png"
[info] [2026-02-03T11:02:36.772Z] : [1770116556772]  "GET"  "/app/static/media/KGF.79f5929d0fd1b7232f51.png"
[info] [2026-02-03T11:02:36.773Z] : [1770116556773]  "GET"  "/app/static/media/Tmovie1.9f5fcd656c9cfc693e2c.png"
[info] [2026-02-03T11:02:36.773Z] : [1770116556773]  "GET"  "/app/static/media/Thunivu.ef01016d556c09bc315b.png"
[info] [2026-02-03T11:02:36.794Z] : [1770116556793]  "GET"  "/app/static/media/Master.2ed584040ec1b289174f.png"
[info] [2026-02-03T11:02:36.833Z] : [1770116556833]  "GET"  "/app/src/assets/logo.png"
[info] [2026-02-03T11:02:38.422Z] : [1770116558422]  "GET"  "/app/src/assets/logo.png"
[info] [2026-02-03T11:03:13.508Z] : [1770116593508]  "GET"  "/app/src/assets/logo.png"
